TMS320C2000 COFF Assembler PC v4.1.3 Thu Aug 18 12:16:10 2016

Tools Copyright (c) 1996-2006 Texas Instruments Incorporated
crctable.asm                                                         PAGE    1

       1              ;***************************************************************
       2              ;* TMS320C2000 C/C++ Codegen                         PC v4.1.3 *
       3              ;* Date/Time created: Thu Aug 18 12:16:10 2016                 *
       4              ;***************************************************************
       5                      .compiler_opts --mem_model:code=flat --mem_model:data=large --quiet --silicon_version=28 
       6        0002  FP      .set    XAR2
       7              
       8              DW$CU   .dwtag  DW_TAG_compile_unit
       9                      .dwattr DW$CU, DW_AT_name("crctable.c")
      10                      .dwattr DW$CU, DW_AT_producer("TMS320C2000 C/C++ Codegen PC v4.1.3 Copyright (c) 1996-2006 Texas Inst
      11                      .dwattr DW$CU, DW_AT_stmt_list(0x00)
      12                      .dwattr DW$CU, DW_AT_TI_VERSION(0x01)
      13                      .global _CRCHiTbl
      14 00000000               .sect   ".econst"
      15                      .align  1
      16 00000000       _CRCHiTbl:
      17 00000000 0000          .field          0,16                    ; _CRCHiTbl[0] @ 0
      18 00000001 00C1          .field          193,16                  ; _CRCHiTbl[1] @ 16
      19 00000002 0081          .field          129,16                  ; _CRCHiTbl[2] @ 32
      20 00000003 0040          .field          64,16                   ; _CRCHiTbl[3] @ 48
      21 00000004 0001          .field          1,16                    ; _CRCHiTbl[4] @ 64
      22 00000005 00C0          .field          192,16                  ; _CRCHiTbl[5] @ 80
      23 00000006 0080          .field          128,16                  ; _CRCHiTbl[6] @ 96
      24 00000007 0041          .field          65,16                   ; _CRCHiTbl[7] @ 112
      25 00000008 0001          .field          1,16                    ; _CRCHiTbl[8] @ 128
      26 00000009 00C0          .field          192,16                  ; _CRCHiTbl[9] @ 144
      27 0000000a 0080          .field          128,16                  ; _CRCHiTbl[10] @ 160
      28 0000000b 0041          .field          65,16                   ; _CRCHiTbl[11] @ 176
      29 0000000c 0000          .field          0,16                    ; _CRCHiTbl[12] @ 192
      30 0000000d 00C1          .field          193,16                  ; _CRCHiTbl[13] @ 208
      31 0000000e 0081          .field          129,16                  ; _CRCHiTbl[14] @ 224
      32 0000000f 0040          .field          64,16                   ; _CRCHiTbl[15] @ 240
      33 00000010 0001          .field          1,16                    ; _CRCHiTbl[16] @ 256
      34 00000011 00C0          .field          192,16                  ; _CRCHiTbl[17] @ 272
      35 00000012 0080          .field          128,16                  ; _CRCHiTbl[18] @ 288
      36 00000013 0041          .field          65,16                   ; _CRCHiTbl[19] @ 304
      37 00000014 0000          .field          0,16                    ; _CRCHiTbl[20] @ 320
      38 00000015 00C1          .field          193,16                  ; _CRCHiTbl[21] @ 336
      39 00000016 0081          .field          129,16                  ; _CRCHiTbl[22] @ 352
      40 00000017 0040          .field          64,16                   ; _CRCHiTbl[23] @ 368
      41 00000018 0000          .field          0,16                    ; _CRCHiTbl[24] @ 384
      42 00000019 00C1          .field          193,16                  ; _CRCHiTbl[25] @ 400
      43 0000001a 0081          .field          129,16                  ; _CRCHiTbl[26] @ 416
      44 0000001b 0040          .field          64,16                   ; _CRCHiTbl[27] @ 432
      45 0000001c 0001          .field          1,16                    ; _CRCHiTbl[28] @ 448
      46 0000001d 00C0          .field          192,16                  ; _CRCHiTbl[29] @ 464
      47 0000001e 0080          .field          128,16                  ; _CRCHiTbl[30] @ 480
      48 0000001f 0041          .field          65,16                   ; _CRCHiTbl[31] @ 496
      49 00000020 0001          .field          1,16                    ; _CRCHiTbl[32] @ 512
      50 00000021 00C0          .field          192,16                  ; _CRCHiTbl[33] @ 528
      51 00000022 0080          .field          128,16                  ; _CRCHiTbl[34] @ 544
      52 00000023 0041          .field          65,16                   ; _CRCHiTbl[35] @ 560
      53 00000024 0000          .field          0,16                    ; _CRCHiTbl[36] @ 576
      54 00000025 00C1          .field          193,16                  ; _CRCHiTbl[37] @ 592
      55 00000026 0081          .field          129,16                  ; _CRCHiTbl[38] @ 608
TMS320C2000 COFF Assembler PC v4.1.3 Thu Aug 18 12:16:10 2016

Tools Copyright (c) 1996-2006 Texas Instruments Incorporated
crctable.asm                                                         PAGE    2

      56 00000027 0040          .field          64,16                   ; _CRCHiTbl[39] @ 624
      57 00000028 0000          .field          0,16                    ; _CRCHiTbl[40] @ 640
      58 00000029 00C1          .field          193,16                  ; _CRCHiTbl[41] @ 656
      59 0000002a 0081          .field          129,16                  ; _CRCHiTbl[42] @ 672
      60 0000002b 0040          .field          64,16                   ; _CRCHiTbl[43] @ 688
      61 0000002c 0001          .field          1,16                    ; _CRCHiTbl[44] @ 704
      62 0000002d 00C0          .field          192,16                  ; _CRCHiTbl[45] @ 720
      63 0000002e 0080          .field          128,16                  ; _CRCHiTbl[46] @ 736
      64 0000002f 0041          .field          65,16                   ; _CRCHiTbl[47] @ 752
      65 00000030 0000          .field          0,16                    ; _CRCHiTbl[48] @ 768
      66 00000031 00C1          .field          193,16                  ; _CRCHiTbl[49] @ 784
      67 00000032 0081          .field          129,16                  ; _CRCHiTbl[50] @ 800
      68 00000033 0040          .field          64,16                   ; _CRCHiTbl[51] @ 816
      69 00000034 0001          .field          1,16                    ; _CRCHiTbl[52] @ 832
      70 00000035 00C0          .field          192,16                  ; _CRCHiTbl[53] @ 848
      71 00000036 0080          .field          128,16                  ; _CRCHiTbl[54] @ 864
      72 00000037 0041          .field          65,16                   ; _CRCHiTbl[55] @ 880
      73 00000038 0001          .field          1,16                    ; _CRCHiTbl[56] @ 896
      74 00000039 00C0          .field          192,16                  ; _CRCHiTbl[57] @ 912
      75 0000003a 0080          .field          128,16                  ; _CRCHiTbl[58] @ 928
      76 0000003b 0041          .field          65,16                   ; _CRCHiTbl[59] @ 944
      77 0000003c 0000          .field          0,16                    ; _CRCHiTbl[60] @ 960
      78 0000003d 00C1          .field          193,16                  ; _CRCHiTbl[61] @ 976
      79 0000003e 0081          .field          129,16                  ; _CRCHiTbl[62] @ 992
      80 0000003f 0040          .field          64,16                   ; _CRCHiTbl[63] @ 1008
      81 00000040 0001          .field          1,16                    ; _CRCHiTbl[64] @ 1024
      82 00000041 00C0          .field          192,16                  ; _CRCHiTbl[65] @ 1040
      83 00000042 0080          .field          128,16                  ; _CRCHiTbl[66] @ 1056
      84 00000043 0041          .field          65,16                   ; _CRCHiTbl[67] @ 1072
      85 00000044 0000          .field          0,16                    ; _CRCHiTbl[68] @ 1088
      86 00000045 00C1          .field          193,16                  ; _CRCHiTbl[69] @ 1104
      87 00000046 0081          .field          129,16                  ; _CRCHiTbl[70] @ 1120
      88 00000047 0040          .field          64,16                   ; _CRCHiTbl[71] @ 1136
      89 00000048 0000          .field          0,16                    ; _CRCHiTbl[72] @ 1152
      90 00000049 00C1          .field          193,16                  ; _CRCHiTbl[73] @ 1168
      91 0000004a 0081          .field          129,16                  ; _CRCHiTbl[74] @ 1184
      92 0000004b 0040          .field          64,16                   ; _CRCHiTbl[75] @ 1200
      93 0000004c 0001          .field          1,16                    ; _CRCHiTbl[76] @ 1216
      94 0000004d 00C0          .field          192,16                  ; _CRCHiTbl[77] @ 1232
      95 0000004e 0080          .field          128,16                  ; _CRCHiTbl[78] @ 1248
      96 0000004f 0041          .field          65,16                   ; _CRCHiTbl[79] @ 1264
      97 00000050 0000          .field          0,16                    ; _CRCHiTbl[80] @ 1280
      98 00000051 00C1          .field          193,16                  ; _CRCHiTbl[81] @ 1296
      99 00000052 0081          .field          129,16                  ; _CRCHiTbl[82] @ 1312
     100 00000053 0040          .field          64,16                   ; _CRCHiTbl[83] @ 1328
     101 00000054 0001          .field          1,16                    ; _CRCHiTbl[84] @ 1344
     102 00000055 00C0          .field          192,16                  ; _CRCHiTbl[85] @ 1360
     103 00000056 0080          .field          128,16                  ; _CRCHiTbl[86] @ 1376
     104 00000057 0041          .field          65,16                   ; _CRCHiTbl[87] @ 1392
     105 00000058 0001          .field          1,16                    ; _CRCHiTbl[88] @ 1408
     106 00000059 00C0          .field          192,16                  ; _CRCHiTbl[89] @ 1424
     107 0000005a 0080          .field          128,16                  ; _CRCHiTbl[90] @ 1440
     108 0000005b 0041          .field          65,16                   ; _CRCHiTbl[91] @ 1456
     109 0000005c 0000          .field          0,16                    ; _CRCHiTbl[92] @ 1472
     110 0000005d 00C1          .field          193,16                  ; _CRCHiTbl[93] @ 1488
TMS320C2000 COFF Assembler PC v4.1.3 Thu Aug 18 12:16:10 2016

Tools Copyright (c) 1996-2006 Texas Instruments Incorporated
crctable.asm                                                         PAGE    3

     111 0000005e 0081          .field          129,16                  ; _CRCHiTbl[94] @ 1504
     112 0000005f 0040          .field          64,16                   ; _CRCHiTbl[95] @ 1520
     113 00000060 0000          .field          0,16                    ; _CRCHiTbl[96] @ 1536
     114 00000061 00C1          .field          193,16                  ; _CRCHiTbl[97] @ 1552
     115 00000062 0081          .field          129,16                  ; _CRCHiTbl[98] @ 1568
     116 00000063 0040          .field          64,16                   ; _CRCHiTbl[99] @ 1584
     117 00000064 0001          .field          1,16                    ; _CRCHiTbl[100] @ 1600
     118 00000065 00C0          .field          192,16                  ; _CRCHiTbl[101] @ 1616
     119 00000066 0080          .field          128,16                  ; _CRCHiTbl[102] @ 1632
     120 00000067 0041          .field          65,16                   ; _CRCHiTbl[103] @ 1648
     121 00000068 0001          .field          1,16                    ; _CRCHiTbl[104] @ 1664
     122 00000069 00C0          .field          192,16                  ; _CRCHiTbl[105] @ 1680
     123 0000006a 0080          .field          128,16                  ; _CRCHiTbl[106] @ 1696
     124 0000006b 0041          .field          65,16                   ; _CRCHiTbl[107] @ 1712
     125 0000006c 0000          .field          0,16                    ; _CRCHiTbl[108] @ 1728
     126 0000006d 00C1          .field          193,16                  ; _CRCHiTbl[109] @ 1744
     127 0000006e 0081          .field          129,16                  ; _CRCHiTbl[110] @ 1760
     128 0000006f 0040          .field          64,16                   ; _CRCHiTbl[111] @ 1776
     129 00000070 0001          .field          1,16                    ; _CRCHiTbl[112] @ 1792
     130 00000071 00C0          .field          192,16                  ; _CRCHiTbl[113] @ 1808
     131 00000072 0080          .field          128,16                  ; _CRCHiTbl[114] @ 1824
     132 00000073 0041          .field          65,16                   ; _CRCHiTbl[115] @ 1840
     133 00000074 0000          .field          0,16                    ; _CRCHiTbl[116] @ 1856
     134 00000075 00C1          .field          193,16                  ; _CRCHiTbl[117] @ 1872
     135 00000076 0081          .field          129,16                  ; _CRCHiTbl[118] @ 1888
     136 00000077 0040          .field          64,16                   ; _CRCHiTbl[119] @ 1904
     137 00000078 0000          .field          0,16                    ; _CRCHiTbl[120] @ 1920
     138 00000079 00C1          .field          193,16                  ; _CRCHiTbl[121] @ 1936
     139 0000007a 0081          .field          129,16                  ; _CRCHiTbl[122] @ 1952
     140 0000007b 0040          .field          64,16                   ; _CRCHiTbl[123] @ 1968
     141 0000007c 0001          .field          1,16                    ; _CRCHiTbl[124] @ 1984
     142 0000007d 00C0          .field          192,16                  ; _CRCHiTbl[125] @ 2000
     143 0000007e 0080          .field          128,16                  ; _CRCHiTbl[126] @ 2016
     144 0000007f 0041          .field          65,16                   ; _CRCHiTbl[127] @ 2032
     145 00000080 0001          .field          1,16                    ; _CRCHiTbl[128] @ 2048
     146 00000081 00C0          .field          192,16                  ; _CRCHiTbl[129] @ 2064
     147 00000082 0080          .field          128,16                  ; _CRCHiTbl[130] @ 2080
     148 00000083 0041          .field          65,16                   ; _CRCHiTbl[131] @ 2096
     149 00000084 0000          .field          0,16                    ; _CRCHiTbl[132] @ 2112
     150 00000085 00C1          .field          193,16                  ; _CRCHiTbl[133] @ 2128
     151 00000086 0081          .field          129,16                  ; _CRCHiTbl[134] @ 2144
     152 00000087 0040          .field          64,16                   ; _CRCHiTbl[135] @ 2160
     153 00000088 0000          .field          0,16                    ; _CRCHiTbl[136] @ 2176
     154 00000089 00C1          .field          193,16                  ; _CRCHiTbl[137] @ 2192
     155 0000008a 0081          .field          129,16                  ; _CRCHiTbl[138] @ 2208
     156 0000008b 0040          .field          64,16                   ; _CRCHiTbl[139] @ 2224
     157 0000008c 0001          .field          1,16                    ; _CRCHiTbl[140] @ 2240
     158 0000008d 00C0          .field          192,16                  ; _CRCHiTbl[141] @ 2256
     159 0000008e 0080          .field          128,16                  ; _CRCHiTbl[142] @ 2272
     160 0000008f 0041          .field          65,16                   ; _CRCHiTbl[143] @ 2288
     161 00000090 0000          .field          0,16                    ; _CRCHiTbl[144] @ 2304
     162 00000091 00C1          .field          193,16                  ; _CRCHiTbl[145] @ 2320
     163 00000092 0081          .field          129,16                  ; _CRCHiTbl[146] @ 2336
     164 00000093 0040          .field          64,16                   ; _CRCHiTbl[147] @ 2352
     165 00000094 0001          .field          1,16                    ; _CRCHiTbl[148] @ 2368
TMS320C2000 COFF Assembler PC v4.1.3 Thu Aug 18 12:16:10 2016

Tools Copyright (c) 1996-2006 Texas Instruments Incorporated
crctable.asm                                                         PAGE    4

     166 00000095 00C0          .field          192,16                  ; _CRCHiTbl[149] @ 2384
     167 00000096 0080          .field          128,16                  ; _CRCHiTbl[150] @ 2400
     168 00000097 0041          .field          65,16                   ; _CRCHiTbl[151] @ 2416
     169 00000098 0001          .field          1,16                    ; _CRCHiTbl[152] @ 2432
     170 00000099 00C0          .field          192,16                  ; _CRCHiTbl[153] @ 2448
     171 0000009a 0080          .field          128,16                  ; _CRCHiTbl[154] @ 2464
     172 0000009b 0041          .field          65,16                   ; _CRCHiTbl[155] @ 2480
     173 0000009c 0000          .field          0,16                    ; _CRCHiTbl[156] @ 2496
     174 0000009d 00C1          .field          193,16                  ; _CRCHiTbl[157] @ 2512
     175 0000009e 0081          .field          129,16                  ; _CRCHiTbl[158] @ 2528
     176 0000009f 0040          .field          64,16                   ; _CRCHiTbl[159] @ 2544
     177 000000a0 0000          .field          0,16                    ; _CRCHiTbl[160] @ 2560
     178 000000a1 00C1          .field          193,16                  ; _CRCHiTbl[161] @ 2576
     179 000000a2 0081          .field          129,16                  ; _CRCHiTbl[162] @ 2592
     180 000000a3 0040          .field          64,16                   ; _CRCHiTbl[163] @ 2608
     181 000000a4 0001          .field          1,16                    ; _CRCHiTbl[164] @ 2624
     182 000000a5 00C0          .field          192,16                  ; _CRCHiTbl[165] @ 2640
     183 000000a6 0080          .field          128,16                  ; _CRCHiTbl[166] @ 2656
     184 000000a7 0041          .field          65,16                   ; _CRCHiTbl[167] @ 2672
     185 000000a8 0001          .field          1,16                    ; _CRCHiTbl[168] @ 2688
     186 000000a9 00C0          .field          192,16                  ; _CRCHiTbl[169] @ 2704
     187 000000aa 0080          .field          128,16                  ; _CRCHiTbl[170] @ 2720
     188 000000ab 0041          .field          65,16                   ; _CRCHiTbl[171] @ 2736
     189 000000ac 0000          .field          0,16                    ; _CRCHiTbl[172] @ 2752
     190 000000ad 00C1          .field          193,16                  ; _CRCHiTbl[173] @ 2768
     191 000000ae 0081          .field          129,16                  ; _CRCHiTbl[174] @ 2784
     192 000000af 0040          .field          64,16                   ; _CRCHiTbl[175] @ 2800
     193 000000b0 0001          .field          1,16                    ; _CRCHiTbl[176] @ 2816
     194 000000b1 00C0          .field          192,16                  ; _CRCHiTbl[177] @ 2832
     195 000000b2 0080          .field          128,16                  ; _CRCHiTbl[178] @ 2848
     196 000000b3 0041          .field          65,16                   ; _CRCHiTbl[179] @ 2864
     197 000000b4 0000          .field          0,16                    ; _CRCHiTbl[180] @ 2880
     198 000000b5 00C1          .field          193,16                  ; _CRCHiTbl[181] @ 2896
     199 000000b6 0081          .field          129,16                  ; _CRCHiTbl[182] @ 2912
     200 000000b7 0040          .field          64,16                   ; _CRCHiTbl[183] @ 2928
     201 000000b8 0000          .field          0,16                    ; _CRCHiTbl[184] @ 2944
     202 000000b9 00C1          .field          193,16                  ; _CRCHiTbl[185] @ 2960
     203 000000ba 0081          .field          129,16                  ; _CRCHiTbl[186] @ 2976
     204 000000bb 0040          .field          64,16                   ; _CRCHiTbl[187] @ 2992
     205 000000bc 0001          .field          1,16                    ; _CRCHiTbl[188] @ 3008
     206 000000bd 00C0          .field          192,16                  ; _CRCHiTbl[189] @ 3024
     207 000000be 0080          .field          128,16                  ; _CRCHiTbl[190] @ 3040
     208 000000bf 0041          .field          65,16                   ; _CRCHiTbl[191] @ 3056
     209 000000c0 0000          .field          0,16                    ; _CRCHiTbl[192] @ 3072
     210 000000c1 00C1          .field          193,16                  ; _CRCHiTbl[193] @ 3088
     211 000000c2 0081          .field          129,16                  ; _CRCHiTbl[194] @ 3104
     212 000000c3 0040          .field          64,16                   ; _CRCHiTbl[195] @ 3120
     213 000000c4 0001          .field          1,16                    ; _CRCHiTbl[196] @ 3136
     214 000000c5 00C0          .field          192,16                  ; _CRCHiTbl[197] @ 3152
     215 000000c6 0080          .field          128,16                  ; _CRCHiTbl[198] @ 3168
     216 000000c7 0041          .field          65,16                   ; _CRCHiTbl[199] @ 3184
     217 000000c8 0001          .field          1,16                    ; _CRCHiTbl[200] @ 3200
     218 000000c9 00C0          .field          192,16                  ; _CRCHiTbl[201] @ 3216
     219 000000ca 0080          .field          128,16                  ; _CRCHiTbl[202] @ 3232
     220 000000cb 0041          .field          65,16                   ; _CRCHiTbl[203] @ 3248
TMS320C2000 COFF Assembler PC v4.1.3 Thu Aug 18 12:16:10 2016

Tools Copyright (c) 1996-2006 Texas Instruments Incorporated
crctable.asm                                                         PAGE    5

     221 000000cc 0000          .field          0,16                    ; _CRCHiTbl[204] @ 3264
     222 000000cd 00C1          .field          193,16                  ; _CRCHiTbl[205] @ 3280
     223 000000ce 0081          .field          129,16                  ; _CRCHiTbl[206] @ 3296
     224 000000cf 0040          .field          64,16                   ; _CRCHiTbl[207] @ 3312
     225 000000d0 0001          .field          1,16                    ; _CRCHiTbl[208] @ 3328
     226 000000d1 00C0          .field          192,16                  ; _CRCHiTbl[209] @ 3344
     227 000000d2 0080          .field          128,16                  ; _CRCHiTbl[210] @ 3360
     228 000000d3 0041          .field          65,16                   ; _CRCHiTbl[211] @ 3376
     229 000000d4 0000          .field          0,16                    ; _CRCHiTbl[212] @ 3392
     230 000000d5 00C1          .field          193,16                  ; _CRCHiTbl[213] @ 3408
     231 000000d6 0081          .field          129,16                  ; _CRCHiTbl[214] @ 3424
     232 000000d7 0040          .field          64,16                   ; _CRCHiTbl[215] @ 3440
     233 000000d8 0000          .field          0,16                    ; _CRCHiTbl[216] @ 3456
     234 000000d9 00C1          .field          193,16                  ; _CRCHiTbl[217] @ 3472
     235 000000da 0081          .field          129,16                  ; _CRCHiTbl[218] @ 3488
     236 000000db 0040          .field          64,16                   ; _CRCHiTbl[219] @ 3504
     237 000000dc 0001          .field          1,16                    ; _CRCHiTbl[220] @ 3520
     238 000000dd 00C0          .field          192,16                  ; _CRCHiTbl[221] @ 3536
     239 000000de 0080          .field          128,16                  ; _CRCHiTbl[222] @ 3552
     240 000000df 0041          .field          65,16                   ; _CRCHiTbl[223] @ 3568
     241 000000e0 0001          .field          1,16                    ; _CRCHiTbl[224] @ 3584
     242 000000e1 00C0          .field          192,16                  ; _CRCHiTbl[225] @ 3600
     243 000000e2 0080          .field          128,16                  ; _CRCHiTbl[226] @ 3616
     244 000000e3 0041          .field          65,16                   ; _CRCHiTbl[227] @ 3632
     245 000000e4 0000          .field          0,16                    ; _CRCHiTbl[228] @ 3648
     246 000000e5 00C1          .field          193,16                  ; _CRCHiTbl[229] @ 3664
     247 000000e6 0081          .field          129,16                  ; _CRCHiTbl[230] @ 3680
     248 000000e7 0040          .field          64,16                   ; _CRCHiTbl[231] @ 3696
     249 000000e8 0000          .field          0,16                    ; _CRCHiTbl[232] @ 3712
     250 000000e9 00C1          .field          193,16                  ; _CRCHiTbl[233] @ 3728
     251 000000ea 0081          .field          129,16                  ; _CRCHiTbl[234] @ 3744
     252 000000eb 0040          .field          64,16                   ; _CRCHiTbl[235] @ 3760
     253 000000ec 0001          .field          1,16                    ; _CRCHiTbl[236] @ 3776
     254 000000ed 00C0          .field          192,16                  ; _CRCHiTbl[237] @ 3792
     255 000000ee 0080          .field          128,16                  ; _CRCHiTbl[238] @ 3808
     256 000000ef 0041          .field          65,16                   ; _CRCHiTbl[239] @ 3824
     257 000000f0 0000          .field          0,16                    ; _CRCHiTbl[240] @ 3840
     258 000000f1 00C1          .field          193,16                  ; _CRCHiTbl[241] @ 3856
     259 000000f2 0081          .field          129,16                  ; _CRCHiTbl[242] @ 3872
     260 000000f3 0040          .field          64,16                   ; _CRCHiTbl[243] @ 3888
     261 000000f4 0001          .field          1,16                    ; _CRCHiTbl[244] @ 3904
     262 000000f5 00C0          .field          192,16                  ; _CRCHiTbl[245] @ 3920
     263 000000f6 0080          .field          128,16                  ; _CRCHiTbl[246] @ 3936
     264 000000f7 0041          .field          65,16                   ; _CRCHiTbl[247] @ 3952
     265 000000f8 0001          .field          1,16                    ; _CRCHiTbl[248] @ 3968
     266 000000f9 00C0          .field          192,16                  ; _CRCHiTbl[249] @ 3984
     267 000000fa 0080          .field          128,16                  ; _CRCHiTbl[250] @ 4000
     268 000000fb 0041          .field          65,16                   ; _CRCHiTbl[251] @ 4016
     269 000000fc 0000          .field          0,16                    ; _CRCHiTbl[252] @ 4032
     270 000000fd 00C1          .field          193,16                  ; _CRCHiTbl[253] @ 4048
     271 000000fe 0081          .field          129,16                  ; _CRCHiTbl[254] @ 4064
     272 000000ff 0040          .field          64,16                   ; _CRCHiTbl[255] @ 4080
     273              
     274              DW$1    .dwtag  DW_TAG_variable, DW_AT_name("CRCHiTbl"), DW_AT_symbol_name("_CRCHiTbl")
     275                      .dwattr DW$1, DW_AT_location[DW_OP_addr _CRCHiTbl]
TMS320C2000 COFF Assembler PC v4.1.3 Thu Aug 18 12:16:10 2016

Tools Copyright (c) 1996-2006 Texas Instruments Incorporated
crctable.asm                                                         PAGE    6

     276                      .dwattr DW$1, DW_AT_type(*DW$T$20)
     277                      .dwattr DW$1, DW_AT_external(0x01)
     278                      .global _CRCLoTbl
     279 00000100               .sect   ".econst"
     280                      .align  1
     281 00000100       _CRCLoTbl:
     282 00000100 0000          .field          0,16                    ; _CRCLoTbl[0] @ 0
     283 00000101 00C0          .field          192,16                  ; _CRCLoTbl[1] @ 16
     284 00000102 00C1          .field          193,16                  ; _CRCLoTbl[2] @ 32
     285 00000103 0001          .field          1,16                    ; _CRCLoTbl[3] @ 48
     286 00000104 00C3          .field          195,16                  ; _CRCLoTbl[4] @ 64
     287 00000105 0003          .field          3,16                    ; _CRCLoTbl[5] @ 80
     288 00000106 0002          .field          2,16                    ; _CRCLoTbl[6] @ 96
     289 00000107 00C2          .field          194,16                  ; _CRCLoTbl[7] @ 112
     290 00000108 00C6          .field          198,16                  ; _CRCLoTbl[8] @ 128
     291 00000109 0006          .field          6,16                    ; _CRCLoTbl[9] @ 144
     292 0000010a 0007          .field          7,16                    ; _CRCLoTbl[10] @ 160
     293 0000010b 00C7          .field          199,16                  ; _CRCLoTbl[11] @ 176
     294 0000010c 0005          .field          5,16                    ; _CRCLoTbl[12] @ 192
     295 0000010d 00C5          .field          197,16                  ; _CRCLoTbl[13] @ 208
     296 0000010e 00C4          .field          196,16                  ; _CRCLoTbl[14] @ 224
     297 0000010f 0004          .field          4,16                    ; _CRCLoTbl[15] @ 240
     298 00000110 00CC          .field          204,16                  ; _CRCLoTbl[16] @ 256
     299 00000111 000C          .field          12,16                   ; _CRCLoTbl[17] @ 272
     300 00000112 000D          .field          13,16                   ; _CRCLoTbl[18] @ 288
     301 00000113 00CD          .field          205,16                  ; _CRCLoTbl[19] @ 304
     302 00000114 000F          .field          15,16                   ; _CRCLoTbl[20] @ 320
     303 00000115 00CF          .field          207,16                  ; _CRCLoTbl[21] @ 336
     304 00000116 00CE          .field          206,16                  ; _CRCLoTbl[22] @ 352
     305 00000117 000E          .field          14,16                   ; _CRCLoTbl[23] @ 368
     306 00000118 000A          .field          10,16                   ; _CRCLoTbl[24] @ 384
     307 00000119 00CA          .field          202,16                  ; _CRCLoTbl[25] @ 400
     308 0000011a 00CB          .field          203,16                  ; _CRCLoTbl[26] @ 416
     309 0000011b 000B          .field          11,16                   ; _CRCLoTbl[27] @ 432
     310 0000011c 00C9          .field          201,16                  ; _CRCLoTbl[28] @ 448
     311 0000011d 0009          .field          9,16                    ; _CRCLoTbl[29] @ 464
     312 0000011e 0008          .field          8,16                    ; _CRCLoTbl[30] @ 480
     313 0000011f 00C8          .field          200,16                  ; _CRCLoTbl[31] @ 496
     314 00000120 00D8          .field          216,16                  ; _CRCLoTbl[32] @ 512
     315 00000121 0018          .field          24,16                   ; _CRCLoTbl[33] @ 528
     316 00000122 0019          .field          25,16                   ; _CRCLoTbl[34] @ 544
     317 00000123 00D9          .field          217,16                  ; _CRCLoTbl[35] @ 560
     318 00000124 001B          .field          27,16                   ; _CRCLoTbl[36] @ 576
     319 00000125 00DB          .field          219,16                  ; _CRCLoTbl[37] @ 592
     320 00000126 00DA          .field          218,16                  ; _CRCLoTbl[38] @ 608
     321 00000127 001A          .field          26,16                   ; _CRCLoTbl[39] @ 624
     322 00000128 001E          .field          30,16                   ; _CRCLoTbl[40] @ 640
     323 00000129 00DE          .field          222,16                  ; _CRCLoTbl[41] @ 656
     324 0000012a 00DF          .field          223,16                  ; _CRCLoTbl[42] @ 672
     325 0000012b 001F          .field          31,16                   ; _CRCLoTbl[43] @ 688
     326 0000012c 00DD          .field          221,16                  ; _CRCLoTbl[44] @ 704
     327 0000012d 001D          .field          29,16                   ; _CRCLoTbl[45] @ 720
     328 0000012e 001C          .field          28,16                   ; _CRCLoTbl[46] @ 736
     329 0000012f 00DC          .field          220,16                  ; _CRCLoTbl[47] @ 752
     330 00000130 0014          .field          20,16                   ; _CRCLoTbl[48] @ 768
TMS320C2000 COFF Assembler PC v4.1.3 Thu Aug 18 12:16:10 2016

Tools Copyright (c) 1996-2006 Texas Instruments Incorporated
crctable.asm                                                         PAGE    7

     331 00000131 00D4          .field          212,16                  ; _CRCLoTbl[49] @ 784
     332 00000132 00D5          .field          213,16                  ; _CRCLoTbl[50] @ 800
     333 00000133 0015          .field          21,16                   ; _CRCLoTbl[51] @ 816
     334 00000134 00D7          .field          215,16                  ; _CRCLoTbl[52] @ 832
     335 00000135 0017          .field          23,16                   ; _CRCLoTbl[53] @ 848
     336 00000136 0016          .field          22,16                   ; _CRCLoTbl[54] @ 864
     337 00000137 00D6          .field          214,16                  ; _CRCLoTbl[55] @ 880
     338 00000138 00D2          .field          210,16                  ; _CRCLoTbl[56] @ 896
     339 00000139 0012          .field          18,16                   ; _CRCLoTbl[57] @ 912
     340 0000013a 0013          .field          19,16                   ; _CRCLoTbl[58] @ 928
     341 0000013b 00D3          .field          211,16                  ; _CRCLoTbl[59] @ 944
     342 0000013c 0011          .field          17,16                   ; _CRCLoTbl[60] @ 960
     343 0000013d 00D1          .field          209,16                  ; _CRCLoTbl[61] @ 976
     344 0000013e 00D0          .field          208,16                  ; _CRCLoTbl[62] @ 992
     345 0000013f 0010          .field          16,16                   ; _CRCLoTbl[63] @ 1008
     346 00000140 00F0          .field          240,16                  ; _CRCLoTbl[64] @ 1024
     347 00000141 0030          .field          48,16                   ; _CRCLoTbl[65] @ 1040
     348 00000142 0031          .field          49,16                   ; _CRCLoTbl[66] @ 1056
     349 00000143 00F1          .field          241,16                  ; _CRCLoTbl[67] @ 1072
     350 00000144 0033          .field          51,16                   ; _CRCLoTbl[68] @ 1088
     351 00000145 00F3          .field          243,16                  ; _CRCLoTbl[69] @ 1104
     352 00000146 00F2          .field          242,16                  ; _CRCLoTbl[70] @ 1120
     353 00000147 0032          .field          50,16                   ; _CRCLoTbl[71] @ 1136
     354 00000148 0036          .field          54,16                   ; _CRCLoTbl[72] @ 1152
     355 00000149 00F6          .field          246,16                  ; _CRCLoTbl[73] @ 1168
     356 0000014a 00F7          .field          247,16                  ; _CRCLoTbl[74] @ 1184
     357 0000014b 0037          .field          55,16                   ; _CRCLoTbl[75] @ 1200
     358 0000014c 00F5          .field          245,16                  ; _CRCLoTbl[76] @ 1216
     359 0000014d 0035          .field          53,16                   ; _CRCLoTbl[77] @ 1232
     360 0000014e 0034          .field          52,16                   ; _CRCLoTbl[78] @ 1248
     361 0000014f 00F4          .field          244,16                  ; _CRCLoTbl[79] @ 1264
     362 00000150 003C          .field          60,16                   ; _CRCLoTbl[80] @ 1280
     363 00000151 00FC          .field          252,16                  ; _CRCLoTbl[81] @ 1296
     364 00000152 00FD          .field          253,16                  ; _CRCLoTbl[82] @ 1312
     365 00000153 003D          .field          61,16                   ; _CRCLoTbl[83] @ 1328
     366 00000154 00FF          .field          255,16                  ; _CRCLoTbl[84] @ 1344
     367 00000155 003F          .field          63,16                   ; _CRCLoTbl[85] @ 1360
     368 00000156 003E          .field          62,16                   ; _CRCLoTbl[86] @ 1376
     369 00000157 00FE          .field          254,16                  ; _CRCLoTbl[87] @ 1392
     370 00000158 00FA          .field          250,16                  ; _CRCLoTbl[88] @ 1408
     371 00000159 003A          .field          58,16                   ; _CRCLoTbl[89] @ 1424
     372 0000015a 003B          .field          59,16                   ; _CRCLoTbl[90] @ 1440
     373 0000015b 00FB          .field          251,16                  ; _CRCLoTbl[91] @ 1456
     374 0000015c 0039          .field          57,16                   ; _CRCLoTbl[92] @ 1472
     375 0000015d 00F9          .field          249,16                  ; _CRCLoTbl[93] @ 1488
     376 0000015e 00F8          .field          248,16                  ; _CRCLoTbl[94] @ 1504
     377 0000015f 0038          .field          56,16                   ; _CRCLoTbl[95] @ 1520
     378 00000160 0028          .field          40,16                   ; _CRCLoTbl[96] @ 1536
     379 00000161 00E8          .field          232,16                  ; _CRCLoTbl[97] @ 1552
     380 00000162 00E9          .field          233,16                  ; _CRCLoTbl[98] @ 1568
     381 00000163 0029          .field          41,16                   ; _CRCLoTbl[99] @ 1584
     382 00000164 00EB          .field          235,16                  ; _CRCLoTbl[100] @ 1600
     383 00000165 002B          .field          43,16                   ; _CRCLoTbl[101] @ 1616
     384 00000166 002A          .field          42,16                   ; _CRCLoTbl[102] @ 1632
     385 00000167 00EA          .field          234,16                  ; _CRCLoTbl[103] @ 1648
TMS320C2000 COFF Assembler PC v4.1.3 Thu Aug 18 12:16:10 2016

Tools Copyright (c) 1996-2006 Texas Instruments Incorporated
crctable.asm                                                         PAGE    8

     386 00000168 00EE          .field          238,16                  ; _CRCLoTbl[104] @ 1664
     387 00000169 002E          .field          46,16                   ; _CRCLoTbl[105] @ 1680
     388 0000016a 002F          .field          47,16                   ; _CRCLoTbl[106] @ 1696
     389 0000016b 00EF          .field          239,16                  ; _CRCLoTbl[107] @ 1712
     390 0000016c 002D          .field          45,16                   ; _CRCLoTbl[108] @ 1728
     391 0000016d 00ED          .field          237,16                  ; _CRCLoTbl[109] @ 1744
     392 0000016e 00EC          .field          236,16                  ; _CRCLoTbl[110] @ 1760
     393 0000016f 002C          .field          44,16                   ; _CRCLoTbl[111] @ 1776
     394 00000170 00E4          .field          228,16                  ; _CRCLoTbl[112] @ 1792
     395 00000171 0024          .field          36,16                   ; _CRCLoTbl[113] @ 1808
     396 00000172 0025          .field          37,16                   ; _CRCLoTbl[114] @ 1824
     397 00000173 00E5          .field          229,16                  ; _CRCLoTbl[115] @ 1840
     398 00000174 0027          .field          39,16                   ; _CRCLoTbl[116] @ 1856
     399 00000175 00E7          .field          231,16                  ; _CRCLoTbl[117] @ 1872
     400 00000176 00E6          .field          230,16                  ; _CRCLoTbl[118] @ 1888
     401 00000177 0026          .field          38,16                   ; _CRCLoTbl[119] @ 1904
     402 00000178 0022          .field          34,16                   ; _CRCLoTbl[120] @ 1920
     403 00000179 00E2          .field          226,16                  ; _CRCLoTbl[121] @ 1936
     404 0000017a 00E3          .field          227,16                  ; _CRCLoTbl[122] @ 1952
     405 0000017b 0023          .field          35,16                   ; _CRCLoTbl[123] @ 1968
     406 0000017c 00E1          .field          225,16                  ; _CRCLoTbl[124] @ 1984
     407 0000017d 0021          .field          33,16                   ; _CRCLoTbl[125] @ 2000
     408 0000017e 0020          .field          32,16                   ; _CRCLoTbl[126] @ 2016
     409 0000017f 00E0          .field          224,16                  ; _CRCLoTbl[127] @ 2032
     410 00000180 00A0          .field          160,16                  ; _CRCLoTbl[128] @ 2048
     411 00000181 0060          .field          96,16                   ; _CRCLoTbl[129] @ 2064
     412 00000182 0061          .field          97,16                   ; _CRCLoTbl[130] @ 2080
     413 00000183 00A1          .field          161,16                  ; _CRCLoTbl[131] @ 2096
     414 00000184 0063          .field          99,16                   ; _CRCLoTbl[132] @ 2112
     415 00000185 00A3          .field          163,16                  ; _CRCLoTbl[133] @ 2128
     416 00000186 00A2          .field          162,16                  ; _CRCLoTbl[134] @ 2144
     417 00000187 0062          .field          98,16                   ; _CRCLoTbl[135] @ 2160
     418 00000188 0066          .field          102,16                  ; _CRCLoTbl[136] @ 2176
     419 00000189 00A6          .field          166,16                  ; _CRCLoTbl[137] @ 2192
     420 0000018a 00A7          .field          167,16                  ; _CRCLoTbl[138] @ 2208
     421 0000018b 0067          .field          103,16                  ; _CRCLoTbl[139] @ 2224
     422 0000018c 00A5          .field          165,16                  ; _CRCLoTbl[140] @ 2240
     423 0000018d 0065          .field          101,16                  ; _CRCLoTbl[141] @ 2256
     424 0000018e 0064          .field          100,16                  ; _CRCLoTbl[142] @ 2272
     425 0000018f 00A4          .field          164,16                  ; _CRCLoTbl[143] @ 2288
     426 00000190 006C          .field          108,16                  ; _CRCLoTbl[144] @ 2304
     427 00000191 00AC          .field          172,16                  ; _CRCLoTbl[145] @ 2320
     428 00000192 00AD          .field          173,16                  ; _CRCLoTbl[146] @ 2336
     429 00000193 006D          .field          109,16                  ; _CRCLoTbl[147] @ 2352
     430 00000194 00AF          .field          175,16                  ; _CRCLoTbl[148] @ 2368
     431 00000195 006F          .field          111,16                  ; _CRCLoTbl[149] @ 2384
     432 00000196 006E          .field          110,16                  ; _CRCLoTbl[150] @ 2400
     433 00000197 00AE          .field          174,16                  ; _CRCLoTbl[151] @ 2416
     434 00000198 00AA          .field          170,16                  ; _CRCLoTbl[152] @ 2432
     435 00000199 006A          .field          106,16                  ; _CRCLoTbl[153] @ 2448
     436 0000019a 006B          .field          107,16                  ; _CRCLoTbl[154] @ 2464
     437 0000019b 00AB          .field          171,16                  ; _CRCLoTbl[155] @ 2480
     438 0000019c 0069          .field          105,16                  ; _CRCLoTbl[156] @ 2496
     439 0000019d 00A9          .field          169,16                  ; _CRCLoTbl[157] @ 2512
     440 0000019e 00A8          .field          168,16                  ; _CRCLoTbl[158] @ 2528
TMS320C2000 COFF Assembler PC v4.1.3 Thu Aug 18 12:16:10 2016

Tools Copyright (c) 1996-2006 Texas Instruments Incorporated
crctable.asm                                                         PAGE    9

     441 0000019f 0068          .field          104,16                  ; _CRCLoTbl[159] @ 2544
     442 000001a0 0078          .field          120,16                  ; _CRCLoTbl[160] @ 2560
     443 000001a1 00B8          .field          184,16                  ; _CRCLoTbl[161] @ 2576
     444 000001a2 00B9          .field          185,16                  ; _CRCLoTbl[162] @ 2592
     445 000001a3 0079          .field          121,16                  ; _CRCLoTbl[163] @ 2608
     446 000001a4 00BB          .field          187,16                  ; _CRCLoTbl[164] @ 2624
     447 000001a5 007B          .field          123,16                  ; _CRCLoTbl[165] @ 2640
     448 000001a6 007A          .field          122,16                  ; _CRCLoTbl[166] @ 2656
     449 000001a7 00BA          .field          186,16                  ; _CRCLoTbl[167] @ 2672
     450 000001a8 00BE          .field          190,16                  ; _CRCLoTbl[168] @ 2688
     451 000001a9 007E          .field          126,16                  ; _CRCLoTbl[169] @ 2704
     452 000001aa 007F          .field          127,16                  ; _CRCLoTbl[170] @ 2720
     453 000001ab 00BF          .field          191,16                  ; _CRCLoTbl[171] @ 2736
     454 000001ac 007D          .field          125,16                  ; _CRCLoTbl[172] @ 2752
     455 000001ad 00BD          .field          189,16                  ; _CRCLoTbl[173] @ 2768
     456 000001ae 00BC          .field          188,16                  ; _CRCLoTbl[174] @ 2784
     457 000001af 007C          .field          124,16                  ; _CRCLoTbl[175] @ 2800
     458 000001b0 00B4          .field          180,16                  ; _CRCLoTbl[176] @ 2816
     459 000001b1 0074          .field          116,16                  ; _CRCLoTbl[177] @ 2832
     460 000001b2 0075          .field          117,16                  ; _CRCLoTbl[178] @ 2848
     461 000001b3 00B5          .field          181,16                  ; _CRCLoTbl[179] @ 2864
     462 000001b4 0077          .field          119,16                  ; _CRCLoTbl[180] @ 2880
     463 000001b5 00B7          .field          183,16                  ; _CRCLoTbl[181] @ 2896
     464 000001b6 00B6          .field          182,16                  ; _CRCLoTbl[182] @ 2912
     465 000001b7 0076          .field          118,16                  ; _CRCLoTbl[183] @ 2928
     466 000001b8 0072          .field          114,16                  ; _CRCLoTbl[184] @ 2944
     467 000001b9 00B2          .field          178,16                  ; _CRCLoTbl[185] @ 2960
     468 000001ba 00B3          .field          179,16                  ; _CRCLoTbl[186] @ 2976
     469 000001bb 0073          .field          115,16                  ; _CRCLoTbl[187] @ 2992
     470 000001bc 00B1          .field          177,16                  ; _CRCLoTbl[188] @ 3008
     471 000001bd 0071          .field          113,16                  ; _CRCLoTbl[189] @ 3024
     472 000001be 0070          .field          112,16                  ; _CRCLoTbl[190] @ 3040
     473 000001bf 00B0          .field          176,16                  ; _CRCLoTbl[191] @ 3056
     474 000001c0 0050          .field          80,16                   ; _CRCLoTbl[192] @ 3072
     475 000001c1 0090          .field          144,16                  ; _CRCLoTbl[193] @ 3088
     476 000001c2 0091          .field          145,16                  ; _CRCLoTbl[194] @ 3104
     477 000001c3 0051          .field          81,16                   ; _CRCLoTbl[195] @ 3120
     478 000001c4 0093          .field          147,16                  ; _CRCLoTbl[196] @ 3136
     479 000001c5 0053          .field          83,16                   ; _CRCLoTbl[197] @ 3152
     480 000001c6 0052          .field          82,16                   ; _CRCLoTbl[198] @ 3168
     481 000001c7 0092          .field          146,16                  ; _CRCLoTbl[199] @ 3184
     482 000001c8 0096          .field          150,16                  ; _CRCLoTbl[200] @ 3200
     483 000001c9 0056          .field          86,16                   ; _CRCLoTbl[201] @ 3216
     484 000001ca 0057          .field          87,16                   ; _CRCLoTbl[202] @ 3232
     485 000001cb 0097          .field          151,16                  ; _CRCLoTbl[203] @ 3248
     486 000001cc 0055          .field          85,16                   ; _CRCLoTbl[204] @ 3264
     487 000001cd 0095          .field          149,16                  ; _CRCLoTbl[205] @ 3280
     488 000001ce 0094          .field          148,16                  ; _CRCLoTbl[206] @ 3296
     489 000001cf 0054          .field          84,16                   ; _CRCLoTbl[207] @ 3312
     490 000001d0 009C          .field          156,16                  ; _CRCLoTbl[208] @ 3328
     491 000001d1 005C          .field          92,16                   ; _CRCLoTbl[209] @ 3344
     492 000001d2 005D          .field          93,16                   ; _CRCLoTbl[210] @ 3360
     493 000001d3 009D          .field          157,16                  ; _CRCLoTbl[211] @ 3376
     494 000001d4 005F          .field          95,16                   ; _CRCLoTbl[212] @ 3392
     495 000001d5 009F          .field          159,16                  ; _CRCLoTbl[213] @ 3408
TMS320C2000 COFF Assembler PC v4.1.3 Thu Aug 18 12:16:10 2016

Tools Copyright (c) 1996-2006 Texas Instruments Incorporated
crctable.asm                                                         PAGE   10

     496 000001d6 009E          .field          158,16                  ; _CRCLoTbl[214] @ 3424
     497 000001d7 005E          .field          94,16                   ; _CRCLoTbl[215] @ 3440
     498 000001d8 005A          .field          90,16                   ; _CRCLoTbl[216] @ 3456
     499 000001d9 009A          .field          154,16                  ; _CRCLoTbl[217] @ 3472
     500 000001da 009B          .field          155,16                  ; _CRCLoTbl[218] @ 3488
     501 000001db 005B          .field          91,16                   ; _CRCLoTbl[219] @ 3504
     502 000001dc 0099          .field          153,16                  ; _CRCLoTbl[220] @ 3520
     503 000001dd 0059          .field          89,16                   ; _CRCLoTbl[221] @ 3536
     504 000001de 0058          .field          88,16                   ; _CRCLoTbl[222] @ 3552
     505 000001df 0098          .field          152,16                  ; _CRCLoTbl[223] @ 3568
     506 000001e0 0088          .field          136,16                  ; _CRCLoTbl[224] @ 3584
     507 000001e1 0048          .field          72,16                   ; _CRCLoTbl[225] @ 3600
     508 000001e2 0049          .field          73,16                   ; _CRCLoTbl[226] @ 3616
     509 000001e3 0089          .field          137,16                  ; _CRCLoTbl[227] @ 3632
     510 000001e4 004B          .field          75,16                   ; _CRCLoTbl[228] @ 3648
     511 000001e5 008B          .field          139,16                  ; _CRCLoTbl[229] @ 3664
     512 000001e6 008A          .field          138,16                  ; _CRCLoTbl[230] @ 3680
     513 000001e7 004A          .field          74,16                   ; _CRCLoTbl[231] @ 3696
     514 000001e8 004E          .field          78,16                   ; _CRCLoTbl[232] @ 3712
     515 000001e9 008E          .field          142,16                  ; _CRCLoTbl[233] @ 3728
     516 000001ea 008F          .field          143,16                  ; _CRCLoTbl[234] @ 3744
     517 000001eb 004F          .field          79,16                   ; _CRCLoTbl[235] @ 3760
     518 000001ec 008D          .field          141,16                  ; _CRCLoTbl[236] @ 3776
     519 000001ed 004D          .field          77,16                   ; _CRCLoTbl[237] @ 3792
     520 000001ee 004C          .field          76,16                   ; _CRCLoTbl[238] @ 3808
     521 000001ef 008C          .field          140,16                  ; _CRCLoTbl[239] @ 3824
     522 000001f0 0044          .field          68,16                   ; _CRCLoTbl[240] @ 3840
     523 000001f1 0084          .field          132,16                  ; _CRCLoTbl[241] @ 3856
     524 000001f2 0085          .field          133,16                  ; _CRCLoTbl[242] @ 3872
     525 000001f3 0045          .field          69,16                   ; _CRCLoTbl[243] @ 3888
     526 000001f4 0087          .field          135,16                  ; _CRCLoTbl[244] @ 3904
     527 000001f5 0047          .field          71,16                   ; _CRCLoTbl[245] @ 3920
     528 000001f6 0046          .field          70,16                   ; _CRCLoTbl[246] @ 3936
     529 000001f7 0086          .field          134,16                  ; _CRCLoTbl[247] @ 3952
     530 000001f8 0082          .field          130,16                  ; _CRCLoTbl[248] @ 3968
     531 000001f9 0042          .field          66,16                   ; _CRCLoTbl[249] @ 3984
     532 000001fa 0043          .field          67,16                   ; _CRCLoTbl[250] @ 4000
     533 000001fb 0083          .field          131,16                  ; _CRCLoTbl[251] @ 4016
     534 000001fc 0041          .field          65,16                   ; _CRCLoTbl[252] @ 4032
     535 000001fd 0081          .field          129,16                  ; _CRCLoTbl[253] @ 4048
     536 000001fe 0080          .field          128,16                  ; _CRCLoTbl[254] @ 4064
     537 000001ff 0040          .field          64,16                   ; _CRCLoTbl[255] @ 4080
     538              
     539              DW$2    .dwtag  DW_TAG_variable, DW_AT_name("CRCLoTbl"), DW_AT_symbol_name("_CRCLoTbl")
     540                      .dwattr DW$2, DW_AT_location[DW_OP_addr _CRCLoTbl]
     541                      .dwattr DW$2, DW_AT_type(*DW$T$20)
     542                      .dwattr DW$2, DW_AT_external(0x01)
     543              ;       C:\CCStudio_v3.3\C2000\cgtools\bin\opt2000.exe C:\Users\Andrew\AppData\Local\Temp\TI6202 C:\Users\And
     544              ;       C:\CCStudio_v3.3\C2000\cgtools\bin\ac2000.exe -q -D_INLINE -DLARGE_MODEL -IC:/CCStudio_v3.3/C2000/xda
     545              
     546              ;***************************************************************
     547              ;* TYPE INFORMATION                                            *
     548              ;***************************************************************
     549              
     550              DW$T$20 .dwtag  DW_TAG_array_type, DW_AT_type(*DW$T$19)
TMS320C2000 COFF Assembler PC v4.1.3 Thu Aug 18 12:16:10 2016

Tools Copyright (c) 1996-2006 Texas Instruments Incorporated
crctable.asm                                                         PAGE   11

     551                      .dwattr DW$T$20, DW_AT_language(DW_LANG_C)
     552                      .dwattr DW$T$20, DW_AT_byte_size(0x100)
     553              DW$3    .dwtag  DW_TAG_subrange_type
     554                      .dwattr DW$3, DW_AT_upper_bound(0xff)
     555                      .dwendtag DW$T$20
     556              
     557              DW$4    .dwtag  DW_TAG_far_type
     558                      .dwattr DW$4, DW_AT_type(*DW$T$11)
     559              DW$T$19 .dwtag  DW_TAG_const_type
     560                      .dwattr DW$T$19, DW_AT_type(*DW$4)
     561              DW$T$11 .dwtag  DW_TAG_base_type, DW_AT_name("unsigned int")
     562                      .dwattr DW$T$11, DW_AT_encoding(DW_ATE_unsigned)
     563                      .dwattr DW$T$11, DW_AT_byte_size(0x01)
     564              
     565              
     566              ;***************************************************************
     567              ;* DWARF REGISTER MAP                                          *
     568              ;***************************************************************
     569              
     570              DW$5    .dwtag  DW_TAG_assign_register, DW_AT_name("AL")
     571                      .dwattr DW$5, DW_AT_location[DW_OP_reg0]
     572              DW$6    .dwtag  DW_TAG_assign_register, DW_AT_name("AH")
     573                      .dwattr DW$6, DW_AT_location[DW_OP_reg1]
     574              DW$7    .dwtag  DW_TAG_assign_register, DW_AT_name("PL")
     575                      .dwattr DW$7, DW_AT_location[DW_OP_reg2]
     576              DW$8    .dwtag  DW_TAG_assign_register, DW_AT_name("PH")
     577                      .dwattr DW$8, DW_AT_location[DW_OP_reg3]
     578              DW$9    .dwtag  DW_TAG_assign_register, DW_AT_name("AR0")
     579                      .dwattr DW$9, DW_AT_location[DW_OP_reg4]
     580              DW$10   .dwtag  DW_TAG_assign_register, DW_AT_name("XAR0")
     581                      .dwattr DW$10, DW_AT_location[DW_OP_reg5]
     582              DW$11   .dwtag  DW_TAG_assign_register, DW_AT_name("AR1")
     583                      .dwattr DW$11, DW_AT_location[DW_OP_reg6]
     584              DW$12   .dwtag  DW_TAG_assign_register, DW_AT_name("XAR1")
     585                      .dwattr DW$12, DW_AT_location[DW_OP_reg7]
     586              DW$13   .dwtag  DW_TAG_assign_register, DW_AT_name("AR2")
     587                      .dwattr DW$13, DW_AT_location[DW_OP_reg8]
     588              DW$14   .dwtag  DW_TAG_assign_register, DW_AT_name("XAR2")
     589                      .dwattr DW$14, DW_AT_location[DW_OP_reg9]
     590              DW$15   .dwtag  DW_TAG_assign_register, DW_AT_name("AR3")
     591                      .dwattr DW$15, DW_AT_location[DW_OP_reg10]
     592              DW$16   .dwtag  DW_TAG_assign_register, DW_AT_name("XAR3")
     593                      .dwattr DW$16, DW_AT_location[DW_OP_reg11]
     594              DW$17   .dwtag  DW_TAG_assign_register, DW_AT_name("AR4")
     595                      .dwattr DW$17, DW_AT_location[DW_OP_reg12]
     596              DW$18   .dwtag  DW_TAG_assign_register, DW_AT_name("XAR4")
     597                      .dwattr DW$18, DW_AT_location[DW_OP_reg13]
     598              DW$19   .dwtag  DW_TAG_assign_register, DW_AT_name("AR5")
     599                      .dwattr DW$19, DW_AT_location[DW_OP_reg14]
     600              DW$20   .dwtag  DW_TAG_assign_register, DW_AT_name("XAR5")
     601                      .dwattr DW$20, DW_AT_location[DW_OP_reg15]
     602              DW$21   .dwtag  DW_TAG_assign_register, DW_AT_name("AR6")
     603                      .dwattr DW$21, DW_AT_location[DW_OP_reg16]
     604              DW$22   .dwtag  DW_TAG_assign_register, DW_AT_name("XAR6")
     605                      .dwattr DW$22, DW_AT_location[DW_OP_reg17]
TMS320C2000 COFF Assembler PC v4.1.3 Thu Aug 18 12:16:10 2016

Tools Copyright (c) 1996-2006 Texas Instruments Incorporated
crctable.asm                                                         PAGE   12

     606              DW$23   .dwtag  DW_TAG_assign_register, DW_AT_name("AR7")
     607                      .dwattr DW$23, DW_AT_location[DW_OP_reg18]
     608              DW$24   .dwtag  DW_TAG_assign_register, DW_AT_name("XAR7")
     609                      .dwattr DW$24, DW_AT_location[DW_OP_reg19]
     610              DW$25   .dwtag  DW_TAG_assign_register, DW_AT_name("SP")
     611                      .dwattr DW$25, DW_AT_location[DW_OP_reg20]
     612              DW$26   .dwtag  DW_TAG_assign_register, DW_AT_name("XT")
     613                      .dwattr DW$26, DW_AT_location[DW_OP_reg21]
     614              DW$27   .dwtag  DW_TAG_assign_register, DW_AT_name("T")
     615                      .dwattr DW$27, DW_AT_location[DW_OP_reg22]
     616              DW$28   .dwtag  DW_TAG_assign_register, DW_AT_name("ST0")
     617                      .dwattr DW$28, DW_AT_location[DW_OP_reg23]
     618              DW$29   .dwtag  DW_TAG_assign_register, DW_AT_name("ST1")
     619                      .dwattr DW$29, DW_AT_location[DW_OP_reg24]
     620              DW$30   .dwtag  DW_TAG_assign_register, DW_AT_name("PC")
     621                      .dwattr DW$30, DW_AT_location[DW_OP_reg25]
     622              DW$31   .dwtag  DW_TAG_assign_register, DW_AT_name("RPC")
     623                      .dwattr DW$31, DW_AT_location[DW_OP_reg26]
     624              DW$32   .dwtag  DW_TAG_assign_register, DW_AT_name("FP")
     625                      .dwattr DW$32, DW_AT_location[DW_OP_reg27]
     626              DW$33   .dwtag  DW_TAG_assign_register, DW_AT_name("DP")
     627                      .dwattr DW$33, DW_AT_location[DW_OP_reg28]
     628              DW$34   .dwtag  DW_TAG_assign_register, DW_AT_name("SXM")
     629                      .dwattr DW$34, DW_AT_location[DW_OP_reg29]
     630              DW$35   .dwtag  DW_TAG_assign_register, DW_AT_name("PM")
     631                      .dwattr DW$35, DW_AT_location[DW_OP_reg30]
     632              DW$36   .dwtag  DW_TAG_assign_register, DW_AT_name("OVM")
     633                      .dwattr DW$36, DW_AT_location[DW_OP_reg31]
     634              DW$37   .dwtag  DW_TAG_assign_register, DW_AT_name("PAGE0")
     635                      .dwattr DW$37, DW_AT_location[DW_OP_regx 0x20]
     636              DW$38   .dwtag  DW_TAG_assign_register, DW_AT_name("AMODE")
     637                      .dwattr DW$38, DW_AT_location[DW_OP_regx 0x21]
     638              DW$39   .dwtag  DW_TAG_assign_register, DW_AT_name("IFR")
     639                      .dwattr DW$39, DW_AT_location[DW_OP_regx 0x22]
     640              DW$40   .dwtag  DW_TAG_assign_register, DW_AT_name("IER")
     641                      .dwattr DW$40, DW_AT_location[DW_OP_regx 0x23]
     642              DW$41   .dwtag  DW_TAG_assign_register, DW_AT_name("IER")
     643                      .dwattr DW$41, DW_AT_location[DW_OP_regx 0x24]
     644              DW$42   .dwtag  DW_TAG_assign_register, DW_AT_name("PSEUDO")
     645                      .dwattr DW$42, DW_AT_location[DW_OP_regx 0x25]
     646              DW$43   .dwtag  DW_TAG_assign_register, DW_AT_name("PSEUDOH")
     647                      .dwattr DW$43, DW_AT_location[DW_OP_regx 0x26]
     648              DW$44   .dwtag  DW_TAG_assign_register, DW_AT_name("VOL")
     649                      .dwattr DW$44, DW_AT_location[DW_OP_regx 0x27]
     650              DW$45   .dwtag  DW_TAG_assign_register, DW_AT_name("CIE_RETA")
     651                      .dwattr DW$45, DW_AT_location[DW_OP_regx 0x28]
     652                      .dwendtag DW$CU
     653              

No Assembly Errors, No Assembly Warnings
