TMS320C2000 COFF Assembler PC v4.1.3 Thu Aug 18 12:16:12 2016

Tools Copyright (c) 1996-2006 Texas Instruments Incorporated
DSP281x_CodeStartBranch.asm                                          PAGE    1

       1              ;//###########################################################################
       2              ;//
       3              ;// FILE:  DSP281x_CodeStartBranch.asm  
       4              ;//
       5              ;// TITLE: Branch for redirecting code execution after boot. 
       6              ;//
       7              ;//###########################################################################
       8              ;//
       9              ;//  Ver | dd mmm yyyy | Who  | Description of changes
      10              ;// =====|=============|======|===============================================
      11              ;//  1.00| 11 Sep 03   | L.H. | Updated based on D.A source to allow 
      12              ;//      |             |      | disabling the watchdog before branching to
      13              ;//      |             |      | the C init routine.  This is useful if the
      14              ;//      |             |      | watchdog is timing out before main() is reached.
      15              ;//###########################################################################  
      16              
      17              
      18              ***********************************************************************
      19              
      20        0001  WD_DISABLE      .set    1               ;set to 1 to disable WD, else set to 0
      21              
      22                  .ref _c_int00
      23                  .ref _gpd
      24              ***********************************************************************
      25              * Function: codestart section
      26              *
      27              * Description: Branch to code starting point
      28              ***********************************************************************
      29              
      30 00000000           .sect "codestart"
      31              
      32              code_start:
      33                  .if WD_DISABLE == 1
      34 00000000 0040'         LB wd_disable       ;Branch to watchdog disable code
         00000001 0000 
      35              
      36                  .else
      37                      LB _c_int00         ;Branch to start of boot.asm in RTS library
      38                  .endif
      39              
      40              ;end codestart section
      41              
      42              
      43              ***********************************************************************
      44              * Function: wd_disable
      45              *
      46              * Description: Disables the watchdog timer
      47              ***********************************************************************
      48                  .if WD_DISABLE == 1
      49              
      50 00000000           .text
      51 00000000       wd_disable:
      52 00000000 561F      SETC OBJMODE        ;Set OBJMODE for 28x object code
      53 00000001 561A      SETC M0M1MAP
      54 00000002 2940      CLRC PAGE0 ;PAGE0 = 0 not relevant for 28x mode,
TMS320C2000 COFF Assembler PC v4.1.3 Thu Aug 18 12:16:12 2016

Tools Copyright (c) 1996-2006 Texas Instruments Incorporated
DSP281x_CodeStartBranch.asm                                          PAGE    2

      55 00000003 5616      CLRC AMODE
      56 00000004 2901          CLRC SXM
      57 00000005 2908      CLRC C
      58                  
      59 00000006 7622      EALLOW              ;Enable EALLOW protected register access
      60                  
      61 00000007 B9C0      MOVZ DP, #7029h>>6  ;Set data page for WDCR register
      62 00000008 2829      MOV @7029h, #0068h  ;Set WDDIS bit in WDCR to disable WD
         00000009 0068 
      63                  
      64                  ;AJB - setup gpd and turn off the led
      65 0000000a F5A9      MOV       AL,*(0:0x70cd)
         0000000b 70CD 
      66 0000000c 5002      ORB       AL,#0x02 
      67 0000000d F4A9      MOV       *(0:0x70cd),AL
         0000000e 70CD 
      68                  
      69 0000000f 761F!     MOVW      DP,#_gpd                  ;turn off the led
         00000010 0000 
      70 00000011 1800!     AND       @_gpd,#0xfffd    
         00000012 FFFD 
      71                     
      72 00000013 761A      EDIS                ;Disable EALLOW protected register access
      73 00000014 0040!     LB _c_int00       ;Branch to start of boot.asm in RTS library
         00000015 0000 
      74              
      75                  .endif
      76              
      77              ;end wd_disable
      78              
      79              
      80              
      81                      .end

No Assembly Errors, No Assembly Warnings
