TMS320C2000 COFF Assembler PC Version 3.07 Thu Nov 27 11:59:03 2008

Tools Copyright (c) 1996-2003 Texas Instruments Incorporated
modbus2.asm                                                          PAGE    1

       1              ;***************************************************************
       2              ;* TMS320C2000 C/C++ Codegen                   PC Version 3.07 *
       3              ;* Date/Time created: Thu Nov 27 11:59:03 2008                 *
       4              ;***************************************************************
       5        0002  FP      .set    XAR2
       6                      .global _wioresponsemsg
       7 00000000       _wioresponsemsg:        .usect  ".ebss",10,1,0
       8                      .global _txmode
       9 0000000a       _txmode:        .usect  ".ebss",1,1,0
      10                      .global _wiolost
      11 0000000b       _wiolost:       .usect  ".ebss",1,1,0
      12              ;       C:\ti\c2000\cgtools\bin\opt2000.exe -m -v28 -q -O1 C:\DOCUME~1\ANDREW\LOCALS~1\Temp\TI3548_2 C:\DOCUM
      13              ;       C:\ti\c2000\cgtools\bin\ac2000.exe -@C:\DOCUME~1\ANDREW\LOCALS~1\Temp\TI3548_4 
      14              
      15 00000000               .sect   ".text"
      16                      .global _WIO485Init
      17              
      18              ;***************************************************************
      19              ;* FNAME: _WIO485Init                   FR SIZE:   0           *
      20              ;*                                                             *
      21              ;* FUNCTION ENVIRONMENT                                        *
      22              ;*                                                             *
      23              ;* FUNCTION PROPERTIES                                         *
      24              ;*                            0 Parameter,  0 Auto,  0 SOE     *
      25              ;***************************************************************
      26              
      27 00000000       _WIO485Init:
      28 00000000 761F-         MOVW      DP,#_txmode
         00000001 0000 
      29 00000002 2B0A-         MOV       @_txmode,#0           ; |57| 
      30 00000003 0264          MOVB      ACC,#100
      31 00000004 761F!         MOVW      DP,#_timers+8
         00000005 0000 
      32 00000006 D500          MOVB      XAR5,#0
      33 00000007 2B08!         MOV       @_timers+8,#0         ; |58| 
      34 00000008 8F00!         MOVL      XAR4,#_receiveC+3     ; |62| 
         00000009 0003 
      35 0000000a 761F!         MOVW      DP,#_timers+57
         0000000b 0000 
      36 0000000c 2B39!         MOV       @_timers+57,#0        ; |59| 
      37 0000000d 761F!         MOVW      DP,#_receiveC+2
         0000000e 0000 
      38 0000000f 2B02!         MOV       @_receiveC+2,#0       ; |60| 
      39 00000010 761F!         MOVW      DP,#_receiveC+1
         00000011 0000 
      40 00000012 2B01!         MOV       @_receiveC+1,#0       ; |61| 
      41 00000013 7640!         LCR       #_memset              ; |62| 
         00000014 0000 
      42                      ; call occurs [#_memset] ; |62| 
      43 00000015 0006          LRETR
      44                      ; return occurs
      45              
      46              
      47              
      48 00000016               .sect   ".text"
TMS320C2000 COFF Assembler PC Version 3.07 Thu Nov 27 11:59:03 2008

Tools Copyright (c) 1996-2003 Texas Instruments Incorporated
modbus2.asm                                                          PAGE    2

      49                      .global _WaterinOil
      50              
      51              ;***************************************************************
      52              ;* FNAME: _WaterinOil                   FR SIZE:   0           *
      53              ;*                                                             *
      54              ;* FUNCTION ENVIRONMENT                                        *
      55              ;*                                                             *
      56              ;* FUNCTION PROPERTIES                                         *
      57              ;*                            0 Parameter,  0 Auto,  0 SOE     *
      58              ;***************************************************************
      59              
      60 00000016       _WaterinOil:
      61 00000016 7640!         LCR       #_WIOEnabled          ; |69| 
         00000017 0000 
      62                      ; call occurs [#_WIOEnabled] ; |69| 
      63 00000018 5201          CMPB      AL,#1                 ; |69| 
      64 00000019 ED11          BF        L2,NEQ                ; |69| 
      65                      ; branch occurs ; |69| 
      66 0000001a 761F-         MOVW      DP,#_txmode
         0000001b 0000 
      67 0000001c 920A-         MOV       AL,@_txmode           ; |71| 
      68 0000001d ED0B          BF        L1,NEQ                ; |71| 
      69                      ; branch occurs ; |71| 
      70 0000001e 761F!         MOVW      DP,#_timers+57
         0000001f 0000 
      71 00000020 9239!         MOV       AL,@_timers+57        ; |71| 
      72 00000021 ED07          BF        L1,NEQ                ; |71| 
      73                      ; branch occurs ; |71| 
      74 00000022 7640'         LCR       #_ReadWaterinOilintoBuf ; |74| 
         00000023 002B 
      75                      ; call occurs [#_ReadWaterinOilintoBuf] ; |74| 
      76 00000024 761F!         MOVW      DP,#_timers+57
         00000025 0000 
      77 00000026 2839!         MOV       @_timers+57,#1000     ; |75| 
         00000027 03E8 
      78 00000028       L1:    
      79 00000028 7640'         LCR       #_WIOReceive          ; |77| 
         00000029 004E 
      80                      ; call occurs [#_WIOReceive] ; |77| 
      81 0000002a       L2:    
      82 0000002a 0006          LRETR
      83                      ; return occurs
      84              
      85              
      86              
      87 0000002b               .sect   ".text"
      88                      .global _ReadWaterinOilintoBuf
      89              
      90              ;***************************************************************
      91              ;* FNAME: _ReadWaterinOilintoBuf        FR SIZE:   2           *
      92              ;*                                                             *
      93              ;* FUNCTION ENVIRONMENT                                        *
      94              ;*                                                             *
      95              ;* FUNCTION PROPERTIES                                         *
      96              ;*                            0 Parameter,  0 Auto,  2 SOE     *
TMS320C2000 COFF Assembler PC Version 3.07 Thu Nov 27 11:59:03 2008

Tools Copyright (c) 1996-2003 Texas Instruments Incorporated
modbus2.asm                                                          PAGE    3

      97              ;***************************************************************
      98              
      99 0000002b       _ReadWaterinOilintoBuf:
     100 0000002b A2BD          MOVL      *SP++,XAR3
     101 0000002c 9A01          MOVB      AL,#1                 ; |93| 
     102 0000002d 7640!         LCR       #_WriteUartConfig_C   ; |93| 
         0000002e 0000 
     103                      ; call occurs [#_WriteUartConfig_C] ; |93| 
     104 0000002f 8DC0-         MOVL      XAR3,#_wioresponsemsg ; |97| 
         00000030 0000 
     105 00000031 2BC3          MOV       *+XAR3[0],#0          ; |97| 
     106 00000032 2BCB          MOV       *+XAR3[1],#0          ; |98| 
     107 00000033 28D3          MOV       *+XAR3[2],#103        ; |103| 
         00000034 0067 
     108 00000035 8AA3          MOVL      XAR4,XAR3             ; |111| 
     109 00000036 28DB          MOV       *+XAR3[3],#3          ; |104| 
         00000037 0003 
     110 00000038 9A07          MOVB      AL,#7                 ; |111| 
     111 00000039 2BE3          MOV       *+XAR3[4],#0          ; |106| 
     112 0000003a 28EB          MOV       *+XAR3[5],#13         ; |108| 
         0000003b 000D 
     113 0000003c 28F3          MOV       *+XAR3[6],#14         ; |109| 
         0000003d 000E 
     114 0000003e 7640'         LCR       #_CalcSingleByteChecksum ; |111| 
         0000003f 0112 
     115                      ; call occurs [#_CalcSingleByteChecksum] ; |111| 
     116 00000040 8AA3          MOVL      XAR4,XAR3             ; |116| 
     117 00000041 96FB          MOV       *+XAR3[7],AL          ; |111| 
     118 00000042 9A08          MOVB      AL,#8                 ; |116| 
     119 00000043 7640!         LCR       #_LoadSendBufferC     ; |116| 
         00000044 0000 
     120                      ; call occurs [#_LoadSendBufferC] ; |116| 
     121 00000045 761F-         MOVW      DP,#_txmode
         00000046 0000 
     122 00000047 0A0A-         INC       @_txmode              ; |117| 
     123 00000048 761F!         MOVW      DP,#_timers+8
         00000049 0000 
     124 0000004a 2808!         MOV       @_timers+8,#200       ; |118| 
         0000004b 00C8 
     125 0000004c 82BE          MOVL      XAR3,*--SP
     126 0000004d 0006          LRETR
     127                      ; return occurs
     128              
     129              
     130              
     131 0000004e               .sect   ".text"
     132                      .global _WIOReceive
     133              
     134              ;***************************************************************
     135              ;* FNAME: _WIOReceive                   FR SIZE:   6           *
     136              ;*                                                             *
     137              ;* FUNCTION ENVIRONMENT                                        *
     138              ;*                                                             *
     139              ;* FUNCTION PROPERTIES                                         *
     140              ;*                            3 Parameter,  0 Auto,  2 SOE     *
TMS320C2000 COFF Assembler PC Version 3.07 Thu Nov 27 11:59:03 2008

Tools Copyright (c) 1996-2003 Texas Instruments Incorporated
modbus2.asm                                                          PAGE    4

     141              ;***************************************************************
     142              
     143 0000004e       _WIOReceive:
     144 0000004e A2BD          MOVL      *SP++,XAR3
     145 0000004f 761F-         MOVW      DP,#_txmode
         00000050 0000 
     146 00000051 FE04          ADDB      SP,#4
     147 00000052 920A-         MOV       AL,@_txmode           ; |126| 
     148 00000053 EC7A          BF        L8,EQ                 ; |126| 
     149                      ; branch occurs ; |126| 
     150 00000054 761F!         MOVW      DP,#_timers+8
         00000055 0000 
     151 00000056 9208!         MOV       AL,@_timers+8         ; |126| 
     152 00000057 ED4A          BF        L5,NEQ                ; |126| 
     153                      ; branch occurs ; |126| 
     154 00000058 761F-         MOVW      DP,#_txmode
         00000059 0000 
     155 0000005a 920A-         MOV       AL,@_txmode           ; |147| 
     156 0000005b EC72          BF        L8,EQ                 ; |147| 
     157                      ; branch occurs ; |147| 
     158 0000005c 521E          CMPB      AL,#30                ; |147| 
     159 0000005d 56C7          BF        L3,HIS                ; |147| 
         0000005e 0006 
     160                      ; branch occurs ; |147| 
     161 0000005f 761F!         MOVW      DP,#_timers+8
         00000060 0000 
     162 00000061 9208!         MOV       AL,@_timers+8         ; |147| 
     163 00000062 EC18          BF        L4,EQ                 ; |147| 
     164                      ; branch occurs ; |147| 
     165 00000063       L3:    
     166 00000063 761F-         MOVW      DP,#_txmode
         00000064 0000 
     167 00000065 920A-         MOV       AL,@_txmode           ; |161| 
     168 00000066 521E          CMPB      AL,#30                ; |161| 
     169 00000067 56C8          BF        L8,LO                 ; |161| 
         00000068 0066 
     170                      ; branch occurs ; |161| 
     171 00000069 8F00+         MOVL      XAR4,#FSL1            ; |163| 
         0000006a 0000 
     172 0000006b 8DC0!         MOVL      XAR3,#_stringbuffer   ; |163| 
         0000006c 0000 
     173 0000006d A842          MOVL      *-SP[2],XAR4          ; |163| 
     174 0000006e 8AA3          MOVL      XAR4,XAR3             ; |163| 
     175 0000006f 7640!         LCR       #_sprintf             ; |163| 
         00000070 0000 
     176                      ; call occurs [#_sprintf] ; |163| 
     177 00000071 8AA3          MOVL      XAR4,XAR3             ; |164| 
     178 00000072 7640!         LCR       #_DebugStringOut      ; |164| 
         00000073 0000 
     179                      ; call occurs [#_DebugStringOut] ; |164| 
     180 00000074 761F-         MOVW      DP,#_wiolost
         00000075 0000 
     181 00000076 280B-         MOV       @_wiolost,#1          ; |165| 
         00000077 0001 
     182 00000078 56CF          BF        L8,UNC                ; |165| 
TMS320C2000 COFF Assembler PC Version 3.07 Thu Nov 27 11:59:03 2008

Tools Copyright (c) 1996-2003 Texas Instruments Incorporated
modbus2.asm                                                          PAGE    5

         00000079 0055 
     183                      ; branch occurs ; |165| 
     184 0000007a       L4:    
     185 0000007a 8F00+         MOVL      XAR4,#FSL2            ; |149| 
         0000007b 000E 
     186 0000007c 8DC0!         MOVL      XAR3,#_stringbuffer   ; |149| 
         0000007d 0000 
     187 0000007e 761F-         MOVW      DP,#_txmode
         0000007f 0000 
     188 00000080 A842          MOVL      *-SP[2],XAR4          ; |149| 
     189 00000081 8AA3          MOVL      XAR4,XAR3             ; |149| 
     190 00000082 920A-         MOV       AL,@_txmode           ; |149| 
     191 00000083 9643          MOV       *-SP[3],AL            ; |149| 
     192 00000084 7640!         LCR       #_sprintf             ; |149| 
         00000085 0000 
     193                      ; call occurs [#_sprintf] ; |149| 
     194 00000086 8AA3          MOVL      XAR4,XAR3             ; |150| 
     195 00000087 7640!         LCR       #_DebugStringOut      ; |150| 
         00000088 0000 
     196                      ; call occurs [#_DebugStringOut] ; |150| 
     197 00000089 D500          MOVB      XAR5,#0
     198 0000008a 0264          MOVB      ACC,#100
     199 0000008b 8F00!         MOVL      XAR4,#_receiveC+3     ; |152| 
         0000008c 0003 
     200 0000008d 7640!         LCR       #_memset              ; |152| 
         0000008e 0000 
     201                      ; call occurs [#_memset] ; |152| 
     202 0000008f 761F!         MOVW      DP,#_receiveC+2
         00000090 0000 
     203 00000091 2B02!         MOV       @_receiveC+2,#0       ; |153| 
     204 00000092 761F!         MOVW      DP,#_receiveC+1
         00000093 0000 
     205 00000094 2B01!         MOV       @_receiveC+1,#0       ; |154| 
     206 00000095 761F!         MOVW      DP,#_timers+7
         00000096 0000 
     207 00000097 2807!         MOV       @_timers+7,#40        ; |155| 
         00000098 0028 
     208 00000099 761F!         MOVW      DP,#_timers+57
         0000009a 0000 
     209 0000009b 2839!         MOV       @_timers+57,#1000     ; |156| 
         0000009c 03E8 
     210 0000009d 7640'         LCR       #_ReadWaterinOilintoBuf ; |157| 
         0000009e 002B 
     211                      ; call occurs [#_ReadWaterinOilintoBuf] ; |157| 
     212 0000009f 56CF          BF        L9,UNC                ; |158| 
         000000a0 0034 
     213                      ; branch occurs ; |158| 
     214 000000a1       L5:    
     215 000000a1 761F!         MOVW      DP,#_receiveC+1
         000000a2 0000 
     216 000000a3 9201!         MOV       AL,@_receiveC+1       ; |128| 
     217 000000a4 EC05          BF        L6,EQ                 ; |128| 
     218                      ; branch occurs ; |128| 
     219 000000a5 761F!         MOVW      DP,#_receiveC+2
         000000a6 0000 
TMS320C2000 COFF Assembler PC Version 3.07 Thu Nov 27 11:59:03 2008

Tools Copyright (c) 1996-2003 Texas Instruments Incorporated
modbus2.asm                                                          PAGE    6

     220 000000a7 5402!         CMP       AL,@_receiveC+2       ; |128| 
     221 000000a8 ED1C          BF        L7,NEQ                ; |128| 
     222                      ; branch occurs ; |128| 
     223 000000a9       L6:    
     224 000000a9 761F!         MOVW      DP,#_timers+7
         000000aa 0000 
     225 000000ab 9207!         MOV       AL,@_timers+7         ; |135| 
     226 000000ac ED27          BF        L9,NEQ                ; |135| 
     227                      ; branch occurs ; |135| 
     228 000000ad 761F!         MOVW      DP,#_receiveC+1
         000000ae 0000 
     229 000000af 9201!         MOV       AL,@_receiveC+1       ; |135| 
     230 000000b0 EC23          BF        L9,EQ                 ; |135| 
     231                      ; branch occurs ; |135| 
     232 000000b1 7640'         LCR       #_WaterInOilResponse  ; |139| 
         000000b2 00D6 
     233                      ; call occurs [#_WaterInOilResponse] ; |139| 
     234 000000b3 761F-         MOVW      DP,#_wiolost
         000000b4 0000 
     235 000000b5 D500          MOVB      XAR5,#0
     236 000000b6 8F00!         MOVL      XAR4,#_receiveC+3     ; |141| 
         000000b7 0003 
     237 000000b8 2B0B-         MOV       @_wiolost,#0          ; |140| 
     238 000000b9 0264          MOVB      ACC,#100
     239 000000ba 7640!         LCR       #_memset              ; |141| 
         000000bb 0000 
     240                      ; call occurs [#_memset] ; |141| 
     241 000000bc 761F!         MOVW      DP,#_receiveC+2
         000000bd 0000 
     242 000000be 2B02!         MOV       @_receiveC+2,#0       ; |143| 
     243 000000bf 761F!         MOVW      DP,#_receiveC+1
         000000c0 0000 
     244 000000c1 2B01!         MOV       @_receiveC+1,#0       ; |144| 
     245 000000c2 56CF          BF        L9,UNC                ; |144| 
         000000c3 0011 
     246                      ; branch occurs ; |144| 
     247 000000c4       L7:    
     248 000000c4 761F!         MOVW      DP,#_receiveC+2
         000000c5 0000 
     249 000000c6 9602!         MOV       @_receiveC+2,AL       ; |132| 
     250 000000c7 761F!         MOVW      DP,#_timers+7
         000000c8 0000 
     251 000000c9 2807!         MOV       @_timers+7,#40        ; |133| 
         000000ca 0028 
     252 000000cb 56CF          BF        L9,UNC                ; |134| 
         000000cc 0008 
     253                      ; branch occurs ; |134| 
     254 000000cd       L8:    
     255 000000cd 761F-         MOVW      DP,#_txmode
         000000ce 0000 
     256 000000cf 2B0A-         MOV       @_txmode,#0           ; |167| 
     257 000000d0 761F!         MOVW      DP,#_timers+8
         000000d1 0000 
     258 000000d2 2B08!         MOV       @_timers+8,#0         ; |168| 
     259 000000d3       L9:    
TMS320C2000 COFF Assembler PC Version 3.07 Thu Nov 27 11:59:03 2008

Tools Copyright (c) 1996-2003 Texas Instruments Incorporated
modbus2.asm                                                          PAGE    7

     260 000000d3 FE84          SUBB      SP,#4
     261 000000d4 82BE          MOVL      XAR3,*--SP
     262 000000d5 0006          LRETR
     263                      ; return occurs
     264              
     265              
     266              
     267 000000d6               .sect   ".text"
     268                      .global _WaterInOilResponse
     269              
     270              ;***************************************************************
     271              ;* FNAME: _WaterInOilResponse           FR SIZE:   4           *
     272              ;*                                                             *
     273              ;* FUNCTION ENVIRONMENT                                        *
     274              ;*                                                             *
     275              ;* FUNCTION PROPERTIES                                         *
     276              ;*                            0 Parameter,  0 Auto,  4 SOE     *
     277              ;***************************************************************
     278              
     279 000000d6       _WaterInOilResponse:
     280 000000d6 B2BD          MOVL      *SP++,XAR1
     281 000000d7 761F!         MOVW      DP,#_receiveC+1
         000000d8 0000 
     282 000000d9 A2BD          MOVL      *SP++,XAR3
     283 000000da 9201!         MOV       AL,@_receiveC+1       ; |200| 
     284 000000db 5213          CMPB      AL,#19                ; |200| 
     285 000000dc ED33          BF        L12,NEQ               ; |200| 
     286                      ; branch occurs ; |200| 
     287 000000dd 8DC0!         MOVL      XAR3,#_receiveC+3     ; |202| 
         000000de 0003 
     288 000000df 8AA3          MOVL      XAR4,XAR3             ; |202| 
     289 000000e0 9A12          MOVB      AL,#18                ; |202| 
     290 000000e1 7640'         LCR       #_CalcSingleByteChecksum ; |202| 
         000000e2 0112 
     291                      ; call occurs [#_CalcSingleByteChecksum] ; |202| 
     292 000000e3 D012          MOVB      XAR0,#18              ; |205| 
     293 000000e4 5493          CMP       AL,*+XAR3[AR0]        ; |205| 
     294 000000e5 ED2A          BF        L12,NEQ               ; |205| 
     295                      ; branch occurs ; |205| 
     296 000000e6 92E3          MOV       AL,*+XAR3[4]          ; |205| 
     297 000000e7 5206          CMPB      AL,#6                 ; |205| 
     298 000000e8 ED27          BF        L12,NEQ               ; |205| 
     299                      ; branch occurs ; |205| 
     300 000000e9 7640!         LCR       #_WioStructPtr        ; |217| 
         000000ea 0000 
     301                      ; call occurs [#_WioStructPtr] ; |217| 
     302 000000eb D100          MOVB      XAR1,#0
     303 000000ec 92EB          MOV       AL,*+XAR3[5]          ; |223| 
     304 000000ed DC02          ADDB      XAR4,#2               ; |218| 
     305 000000ee ED1E          BF        L11,NEQ               ; |223| 
     306                      ; branch occurs ; |223| 
     307 000000ef BE00          MOVB      XAR6,#0
     308 000000f0 D006          MOVB      XAR0,#6               ; |225| 
     309 000000f1       L10:    
     310 000000f1 8F40!         MOVL      XAR5,#_receiveC+3     ; |231| 
TMS320C2000 COFF Assembler PC Version 3.07 Thu Nov 27 11:59:03 2008

Tools Copyright (c) 1996-2003 Texas Instruments Incorporated
modbus2.asm                                                          PAGE    8

         000000f2 0003 
     311 000000f3 CC95          AND       AL,*+XAR5[AR0],#0x00ff ; |231| 
         000000f4 00FF 
     312 000000f5 80A9          MOVZ      AR7,AL                ; |231| 
     313 000000f6 D801          ADDB      XAR0,#1               ; |233| 
     314 000000f7 5603          MOV       ACC,*+XAR5[AR0] << #8 ; |233| 
         000000f8 0895 
     315 000000f9 72A7          ADD       AR7,AL                ; |233| 
     316 000000fa D801          ADDB      XAR0,#1               ; |237| 
     317 000000fb 7F9C          MOV       *+XAR4[AR1],AR7       ; |235| 
     318 000000fc CC95          AND       AL,*+XAR5[AR0],#0x00ff ; |237| 
         000000fd 00FF 
     319 000000fe 80A9          MOVZ      AR7,AL                ; |237| 
     320 000000ff D801          ADDB      XAR0,#1               ; |239| 
     321 00000100 5603          MOV       ACC,*+XAR5[AR0] << #8 ; |239| 
         00000101 0895 
     322 00000102 72A7          ADD       AR7,AL                ; |239| 
     323 00000103 D901          ADDB      XAR1,#1               ; |241| 
     324 00000104 DE01          ADDB      XAR6,#1               ; |243| 
     325 00000105 7F9C          MOV       *+XAR4[AR1],AR7       ; |241| 
     326 00000106 D801          ADDB      XAR0,#1               ; |240| 
     327 00000107 92A6          MOV       AL,AR6                ; |243| 
     328 00000108 D901          ADDB      XAR1,#1               ; |242| 
     329 00000109 5203          CMPB      AL,#3                 ; |243| 
     330 0000010a 56C8          BF        L10,LO                ; |243| 
         0000010b FFE7 
     331                      ; branch occurs ; |243| 
     332 0000010c       L11:    
     333 0000010c 761F-         MOVW      DP,#_txmode
         0000010d 0000 
     334 0000010e 2B0A-         MOV       @_txmode,#0           ; |246| 
     335 0000010f       L12:    
     336 0000010f 82BE          MOVL      XAR3,*--SP
     337 00000110 8BBE          MOVL      XAR1,*--SP
     338 00000111 0006          LRETR
     339                      ; return occurs
     340              
     341              
     342              
     343 00000112               .sect   ".text"
     344                      .global _CalcSingleByteChecksum
     345              
     346              ;***************************************************************
     347              ;* FNAME: _CalcSingleByteChecksum       FR SIZE:   0           *
     348              ;*                                                             *
     349              ;* FUNCTION ENVIRONMENT                                        *
     350              ;*                                                             *
     351              ;* FUNCTION PROPERTIES                                         *
     352              ;*                            0 Parameter,  0 Auto,  0 SOE     *
     353              ;***************************************************************
     354              
     355 00000112       _CalcSingleByteChecksum:
     356 00000112 5DA9          MOVZ      AR5,AL                ; |260| 
     357 00000113 9A00          MOVB      AL,#0
     358 00000114 93A5          MOV       AH,AR5                ; |263| 
TMS320C2000 COFF Assembler PC Version 3.07 Thu Nov 27 11:59:03 2008

Tools Copyright (c) 1996-2003 Texas Instruments Incorporated
modbus2.asm                                                          PAGE    9

     359 00000115 EC07          BF        L14,EQ                ; |264| 
     360                      ; branch occurs ; |264| 
     361 00000116       L13:    
     362 00000116 9384          MOV       AH,*XAR4++            ; |266| 
     363 00000117 DD81          SUBB      XAR5,#1               ; |268| 
     364 00000118 91FF          ANDB      AH,#0xff              ; |266| 
     365 00000119 94A8          ADD       AL,AH                 ; |266| 
     366 0000011a 93A5          MOV       AH,AR5                ; |268| 
     367 0000011b EDFB          BF        L13,NEQ               ; |268| 
     368                      ; branch occurs ; |268| 
     369 0000011c       L14:    
     370 0000011c 90FF          ANDB      AL,#0xff              ; |270| 
     371 0000011d 0006          LRETR
     372                      ; return occurs
     373              
     374              
     375              ;***************************************************************
     376              ;* FAR STRINGS                                                 *
     377              ;***************************************************************
     378 00000000               .sect   ".econst"
     379                      .align  2
     380 00000000 0057  FSL1:   .string "WIO failure",13,10,0
         00000001 0049 
         00000002 004F 
         00000003 0020 
         00000004 0066 
         00000005 0061 
         00000006 0069 
         00000007 006C 
         00000008 0075 
         00000009 0072 
         0000000a 0065 
         0000000b 000D 
         0000000c 000A 
         0000000d 0000 
     381                      .align  2
     382 0000000e 0057  FSL2:   .string "WIO retry: %u",13,10,0
         0000000f 0049 
         00000010 004F 
         00000011 0020 
         00000012 0072 
         00000013 0065 
         00000014 0074 
         00000015 0072 
         00000016 0079 
         00000017 003A 
         00000018 0020 
         00000019 0025 
         0000001a 0075 
         0000001b 000D 
         0000001c 000A 
         0000001d 0000 
     383              ;***************************************************************
     384              ;* UNDEFINED EXTERNAL REFERENCES                               *
     385              ;***************************************************************
TMS320C2000 COFF Assembler PC Version 3.07 Thu Nov 27 11:59:03 2008

Tools Copyright (c) 1996-2003 Texas Instruments Incorporated
modbus2.asm                                                          PAGE   10

     386                      .global _sprintf
     387                      .global _memset
     388                      .global _DebugStringOut
     389                      .global _LoadSendBufferC
     390                      .global _WioStructPtr
     391                      .global _WIOEnabled
     392                      .global _WriteUartConfig_C
     393                      .global _timers
     394                      .global _receiveC
     395                      .global _stringbuffer

No Assembly Errors, No Assembly Warnings
